Watching for file changes with StatReloader
"GET / HTTP/1.1" 200 986
Not Found: /favicon.ico
"GET /favicon.ico HTTP/1.1" 404 6981
"GET /tasks/ HTTP/1.1" 200 1272
"GET /tasks/ HTTP/1.1" 200 1272
"GET /tasks/create/ HTTP/1.1" 200 2438
"POST /tasks/create/ HTTP/1.1" 302 0
"GET /tasks/ HTTP/1.1" 200 1382
"GET /tasks/5/ HTTP/1.1" 200 1334
"GET /tasks/5/delete/ HTTP/1.1" 200 1313
"POST /tasks/5/delete/ HTTP/1.1" 302 0
"GET /tasks/ HTTP/1.1" 200 1272
D:\Infinity-Road-Project\Finial_Project\taskmanager\taskmanager\settings.py changed, reloading.
Watching for file changes with StatReloader
D:\Infinity-Road-Project\Finial_Project\taskmanager\taskmanager\settings.py changed, reloading.
Watching for file changes with StatReloader
D:\Infinity-Road-Project\Finial_Project\taskmanager\taskmanager\settings.py changed, reloading.
Watching for file changes with StatReloader
D:\Infinity-Road-Project\Finial_Project\taskmanager\taskmanager\settings.py changed, reloading.
Watching for file changes with StatReloader
D:\Infinity-Road-Project\Finial_Project\taskmanager\taskmanager\settings.py changed, reloading.
Watching for file changes with StatReloader
D:\Infinity-Road-Project\Finial_Project\taskmanager\tasks\views.py changed, reloading.
Watching for file changes with StatReloader
D:\Infinity-Road-Project\Finial_Project\taskmanager\tasks\views.py changed, reloading.
Watching for file changes with StatReloader
D:\Infinity-Road-Project\Finial_Project\taskmanager\tasks\views.py changed, reloading.
Watching for file changes with StatReloader
D:\Infinity-Road-Project\Finial_Project\taskmanager\tasks\views.py changed, reloading.
Watching for file changes with StatReloader
D:\Infinity-Road-Project\Finial_Project\taskmanager\tasks\views.py changed, reloading.
Watching for file changes with StatReloader
D:\Infinity-Road-Project\Finial_Project\taskmanager\tasks\views.py changed, reloading.
Watching for file changes with StatReloader
Watching for file changes with StatReloader
"GET / HTTP/1.1" 200 986
"GET /tasks/ HTTP/1.1" 200 1272
"GET /tasks/create/ HTTP/1.1" 200 2438
"POST /tasks/create/ HTTP/1.1" 302 0
"GET /tasks/ HTTP/1.1" 200 1384
"GET /tasks/6/ HTTP/1.1" 200 1336
"GET /tasks/6/delete/ HTTP/1.1" 200 1313
"GET /tasks/6/ HTTP/1.1" 200 1336
"GET /tasks/6/update/ HTTP/1.1" 200 2532
"POST /tasks/6/update/ HTTP/1.1" 302 0
"GET /tasks/ HTTP/1.1" 200 1382
"GET /bugs/ HTTP/1.1" 200 1104
"GET /bugs/create/ HTTP/1.1" 200 2457
"GET /bugs/ HTTP/1.1" 200 1104
"GET /bugs/create/ HTTP/1.1" 200 2457
"POST /bugs/create/ HTTP/1.1" 302 0
"GET /bugs/ HTTP/1.1" 200 1173
D:\Infinity-Road-Project\Finial_Project\taskmanager\tasks\views.py changed, reloading.
Watching for file changes with StatReloader
D:\Infinity-Road-Project\Finial_Project\taskmanager\tasks\views.py changed, reloading.
Watching for file changes with StatReloader
D:\Infinity-Road-Project\Finial_Project\taskmanager\tasks\views.py changed, reloading.
Watching for file changes with StatReloader
D:\Infinity-Road-Project\Finial_Project\taskmanager\tasks\views.py changed, reloading.
Watching for file changes with StatReloader
D:\Infinity-Road-Project\Finial_Project\taskmanager\tasks\views.py changed, reloading.
Watching for file changes with StatReloader
D:\Infinity-Road-Project\Finial_Project\taskmanager\tasks\views.py changed, reloading.
Watching for file changes with StatReloader
D:\Infinity-Road-Project\Finial_Project\taskmanager\tasks\views.py changed, reloading.
Watching for file changes with StatReloader
D:\Infinity-Road-Project\Finial_Project\taskmanager\tasks\views.py changed, reloading.
Watching for file changes with StatReloader
D:\Infinity-Road-Project\Finial_Project\taskmanager\tasks\views.py changed, reloading.
Watching for file changes with StatReloader
D:\Infinity-Road-Project\Finial_Project\taskmanager\tasks\views.py changed, reloading.
Watching for file changes with StatReloader
D:\Infinity-Road-Project\Finial_Project\taskmanager\tasks\views.py changed, reloading.
Watching for file changes with StatReloader
D:\Infinity-Road-Project\Finial_Project\taskmanager\tasks\views.py changed, reloading.
Watching for file changes with StatReloader
D:\Infinity-Road-Project\Finial_Project\taskmanager\tasks\views.py changed, reloading.
Watching for file changes with StatReloader
Watching for file changes with StatReloader
"GET / HTTP/1.1" 200 986
"GET /bugs/ HTTP/1.1" 200 1173
"GET /bugs/create/ HTTP/1.1" 200 2457
"POST /bugs/create/ HTTP/1.1" 302 0
"GET /bugs/ HTTP/1.1" 200 1284
"GET /bugs/2/ HTTP/1.1" 200 1382
"GET /bugs/2/update/ HTTP/1.1" 200 2608
BugReport 'Profile image not uploading' updated by mahta
"POST /bugs/2/update/ HTTP/1.1" 302 0
"GET /bugs/ HTTP/1.1" 200 1286
D:\Infinity-Road-Project\Finial_Project\taskmanager\tasks\views.py changed, reloading.
Watching for file changes with StatReloader
D:\Infinity-Road-Project\Finial_Project\taskmanager\tasks\views.py changed, reloading.
Watching for file changes with StatReloader
D:\Infinity-Road-Project\Finial_Project\taskmanager\tasks\views.py changed, reloading.
Watching for file changes with StatReloader
D:\Infinity-Road-Project\Finial_Project\taskmanager\tasks\views.py changed, reloading.
Watching for file changes with StatReloader
D:\Infinity-Road-Project\Finial_Project\taskmanager\tasks\views.py changed, reloading.
Watching for file changes with StatReloader
D:\Infinity-Road-Project\Finial_Project\taskmanager\tasks\views.py changed, reloading.
Watching for file changes with StatReloader
D:\Infinity-Road-Project\Finial_Project\taskmanager\tasks\views.py changed, reloading.
Watching for file changes with StatReloader
D:\Infinity-Road-Project\Finial_Project\taskmanager\tasks\views.py changed, reloading.
Watching for file changes with StatReloader
D:\Infinity-Road-Project\Finial_Project\taskmanager\tasks\views.py changed, reloading.
Watching for file changes with StatReloader
D:\Infinity-Road-Project\Finial_Project\taskmanager\tasks\views.py changed, reloading.
Watching for file changes with StatReloader
D:\Infinity-Road-Project\Finial_Project\taskmanager\tasks\views.py changed, reloading.
Watching for file changes with StatReloader
D:\Infinity-Road-Project\Finial_Project\taskmanager\tasks\views.py changed, reloading.
Watching for file changes with StatReloader
D:\Infinity-Road-Project\Finial_Project\taskmanager\tasks\views.py changed, reloading.
Watching for file changes with StatReloader
D:\Infinity-Road-Project\Finial_Project\taskmanager\tasks\views.py changed, reloading.
Watching for file changes with StatReloader
D:\Infinity-Road-Project\Finial_Project\taskmanager\tasks\views.py changed, reloading.
Watching for file changes with StatReloader
"POST /accounts/logout/ HTTP/1.1" 302 0
"GET /accounts/login/ HTTP/1.1" 200 888
Watching for file changes with StatReloader
"GET / HTTP/1.1" 200 681
"GET /tasks/ HTTP/1.1" 200 1077
"GET /bugs/ HTTP/1.1" 200 981
"GET /accounts/login/ HTTP/1.1" 200 888
"POST /accounts/login/ HTTP/1.1" 302 0
"GET / HTTP/1.1" 200 986
"POST /accounts/logout/ HTTP/1.1" 302 0
"GET /accounts/login/ HTTP/1.1" 200 888
D:\Infinity-Road-Project\Finial_Project\taskmanager\taskmanager\settings.py changed, reloading.
Watching for file changes with StatReloader
D:\Infinity-Road-Project\Finial_Project\taskmanager\taskmanager\settings.py changed, reloading.
Watching for file changes with StatReloader
"GET /accounts/login/ HTTP/1.1" 200 888
"POST /accounts/login/ HTTP/1.1" 302 0
"GET / HTTP/1.1" 200 986
"POST /accounts/logout/ HTTP/1.1" 200 335
"GET /accounts/login/ HTTP/1.1" 200 888
"POST /accounts/logout/ HTTP/1.1" 200 335
D:\Infinity-Road-Project\Finial_Project\taskmanager\taskmanager\settings.py changed, reloading.
D:\Infinity-Road-Project\Finial_Project\taskmanager\taskmanager\settings.py changed, reloading.
Watching for file changes with StatReloader
Watching for file changes with StatReloader
D:\Infinity-Road-Project\Finial_Project\taskmanager\taskmanager\settings.py changed, reloading.
Watching for file changes with StatReloader
D:\Infinity-Road-Project\Finial_Project\taskmanager\taskmanager\settings.py changed, reloading.
Watching for file changes with StatReloader
D:\Infinity-Road-Project\Finial_Project\taskmanager\taskmanager\settings.py changed, reloading.
D:\Infinity-Road-Project\Finial_Project\taskmanager\taskmanager\settings.py changed, reloading.
Watching for file changes with StatReloader
Watching for file changes with StatReloader
"GET / HTTP/1.1" 200 681
"GET /accounts/login/ HTTP/1.1" 200 888
"POST /accounts/login/ HTTP/1.1" 302 0
"GET / HTTP/1.1" 200 986
"POST /accounts/logout/ HTTP/1.1" 200 335
"GET /accounts/login/ HTTP/1.1" 200 888
"POST /accounts/login/ HTTP/1.1" 302 0
"GET / HTTP/1.1" 200 986
"GET /tasks/ HTTP/1.1" 200 1382
"POST /accounts/logout/ HTTP/1.1" 200 335
"GET /accounts/login/ HTTP/1.1" 200 888
"POST /accounts/login/ HTTP/1.1" 302 0
"GET / HTTP/1.1" 200 986
"GET /bugs/ HTTP/1.1" 200 1286
"POST /accounts/logout/ HTTP/1.1" 200 335
"GET /accounts/login/ HTTP/1.1" 200 888
"POST /accounts/login/ HTTP/1.1" 302 0
"GET / HTTP/1.1" 200 986
"POST /accounts/logout/ HTTP/1.1" 200 335
"GET /accounts/login/ HTTP/1.1" 200 888
"POST /accounts/login/ HTTP/1.1" 302 0
"GET / HTTP/1.1" 200 986
"GET /bugs/ HTTP/1.1" 200 1286
"GET /notes/ HTTP/1.1" 200 1089
"GET /tasks/ HTTP/1.1" 200 1382
"GET /bugs/ HTTP/1.1" 200 1286
